[4.130s] DEBUG:colcon:Command line arguments: ['/usr/bin/colcon', 'build', '--packages-select', 'pkg03_example_server_py']
[4.131s] DEBUG:colcon:Parsed command line arguments: Namespace(allow_overriding=[], ament_cmake_args=None, base_paths=['.'], build_base='build', catkin_cmake_args=None, catkin_skip_building_tests=False, cmake_args=None, cmake_clean_cache=False, cmake_clean_first=False, cmake_force_configure=False, cmake_target=None, cmake_target_skip_unavailable=False, continue_on_error=False, event_handlers=None, executor='parallel', ignore_user_meta=False, install_base='install', log_base=None, log_level=None, main=<bound method BuildVerb.main of <colcon_core.verb.build.BuildVerb object at 0x7fd94f6f3400>>, merge_install=False, metas=['./colcon.meta'], packages_above=None, packages_above_and_dependencies=None, packages_above_depth=None, packages_end=None, packages_ignore=None, packages_ignore_regex=None, packages_select=['pkg03_example_server_py'], packages_select_build_failed=False, packages_select_by_dep=None, packages_select_regex=None, packages_select_test_failures=False, packages_skip=None, packages_skip_build_finished=False, packages_skip_by_dep=None, packages_skip_regex=None, packages_skip_test_passed=False, packages_skip_up_to=None, packages_start=None, packages_up_to=None, packages_up_to_regex=None, parallel_workers=8, paths=None, symlink_install=False, test_result_base=None, verb_extension=<colcon_core.verb.build.BuildVerb object at 0x7fd94f6f3400>, verb_name='build', verb_parser=<colcon_defaults.argument_parser.defaults.DefaultArgumentsDecorator object at 0x7fd94f67db20>)
[4.394s] Level 1:colcon.colcon_core.package_discovery:discover_packages(colcon_meta) check parameters
[4.397s] Level 1:colcon.colcon_core.package_discovery:discover_packages(recursive) check parameters
[4.397s] Level 1:colcon.colcon_core.package_discovery:discover_packages(ignore) check parameters
[4.398s] Level 1:colcon.colcon_core.package_discovery:discover_packages(path) check parameters
[4.398s] Level 1:colcon.colcon_core.package_discovery:discover_packages(colcon_meta) discover
[4.399s] Level 1:colcon.colcon_core.package_discovery:discover_packages(recursive) discover
[4.399s] INFO:colcon.colcon_core.package_discovery:Crawling recursively for packages in '/mnt/hgfs/win11/ros2_test/src/pkg03_example_server_py'
[4.403s] Level 1:colcon.colcon_core.package_identification:_identify(.) by extensions ['ignore', 'ignore_ament_install']
[4.403s] Level 1:colcon.colcon_core.package_identification:_identify(.) by extension 'ignore'
[4.404s] Level 1:colcon.colcon_core.package_identification:_identify(.) by extension 'ignore_ament_install'
[4.406s] Level 1:colcon.colcon_core.package_identification:_identify(.) by extensions ['colcon_pkg']
[4.406s] Level 1:colcon.colcon_core.package_identification:_identify(.) by extension 'colcon_pkg'
[4.407s] Level 1:colcon.colcon_core.package_identification:_identify(.) by extensions ['colcon_meta']
[4.408s] Level 1:colcon.colcon_core.package_identification:_identify(.) by extension 'colcon_meta'
[4.409s] Level 1:colcon.colcon_core.package_identification:_identify(.) by extensions ['ros']
[4.409s] Level 1:colcon.colcon_core.package_identification:_identify(.) by extension 'ros'
[4.441s] DEBUG:colcon.colcon_core.package_identification:Package '.' with type 'ros.ament_python' and name 'pkg03_example_server_py'
[4.442s] Level 1:colcon.colcon_core.package_discovery:discover_packages(recursive) using defaults
[4.443s] Level 1:colcon.colcon_core.package_discovery:discover_packages(ignore) discover
[4.443s] Level 1:colcon.colcon_core.package_discovery:discover_packages(ignore) using defaults
[4.444s] Level 1:colcon.colcon_core.package_discovery:discover_packages(path) discover
[4.444s] Level 1:colcon.colcon_core.package_discovery:discover_packages(path) using defaults
[4.843s] Level 1:colcon.colcon_core.package_discovery:discover_packages(prefix_path) check parameters
[4.844s] Level 1:colcon.colcon_core.package_discovery:discover_packages(prefix_path) discover
[5.019s] DEBUG:colcon.colcon_installed_package_information.package_discovery:Found 3 installed packages in /mnt/hgfs/win11/ros2_test/install
[5.103s] DEBUG:colcon.colcon_installed_package_information.package_discovery:Found 256 installed packages in /opt/ros/foxy
[5.106s] Level 1:colcon.colcon_core.package_discovery:discover_packages(prefix_path) using defaults
[5.434s] Level 5:colcon.colcon_core.verb:set package 'pkg03_example_server_py' build argument 'cmake_args' from command line to 'None'
[5.435s] Level 5:colcon.colcon_core.verb:set package 'pkg03_example_server_py' build argument 'cmake_target' from command line to 'None'
[5.436s] Level 5:colcon.colcon_core.verb:set package 'pkg03_example_server_py' build argument 'cmake_target_skip_unavailable' from command line to 'False'
[5.436s] Level 5:colcon.colcon_core.verb:set package 'pkg03_example_server_py' build argument 'cmake_clean_cache' from command line to 'False'
[5.437s] Level 5:colcon.colcon_core.verb:set package 'pkg03_example_server_py' build argument 'cmake_clean_first' from command line to 'False'
[5.437s] Level 5:colcon.colcon_core.verb:set package 'pkg03_example_server_py' build argument 'cmake_force_configure' from command line to 'False'
[5.438s] Level 5:colcon.colcon_core.verb:set package 'pkg03_example_server_py' build argument 'ament_cmake_args' from command line to 'None'
[5.438s] Level 5:colcon.colcon_core.verb:set package 'pkg03_example_server_py' build argument 'catkin_cmake_args' from command line to 'None'
[5.439s] Level 5:colcon.colcon_core.verb:set package 'pkg03_example_server_py' build argument 'catkin_skip_building_tests' from command line to 'False'
[5.440s] DEBUG:colcon.colcon_core.verb:Building package 'pkg03_example_server_py' with the following arguments: {'ament_cmake_args': None, 'build_base': '/mnt/hgfs/win11/ros2_test/src/pkg03_example_server_py/build/pkg03_example_server_py', 'catkin_cmake_args': None, 'catkin_skip_building_tests': False, 'cmake_args': None, 'cmake_clean_cache': False, 'cmake_clean_first': False, 'cmake_force_configure': False, 'cmake_target': None, 'cmake_target_skip_unavailable': False, 'install_base': '/mnt/hgfs/win11/ros2_test/src/pkg03_example_server_py/install/pkg03_example_server_py', 'merge_install': False, 'path': '/mnt/hgfs/win11/ros2_test/src/pkg03_example_server_py', 'symlink_install': False, 'test_result_base': None}
[5.510s] INFO:colcon.colcon_core.executor:Executing jobs using 'parallel' executor
[5.611s] DEBUG:colcon.colcon_parallel_executor.executor.parallel:run_until_complete
[5.613s] INFO:colcon.colcon_ros.task.ament_python.build:Building ROS package in '/mnt/hgfs/win11/ros2_test/src/pkg03_example_server_py' with build type 'ament_python'
[5.615s] Level 1:colcon.colcon_core.shell:create_environment_hook('pkg03_example_server_py', 'ament_prefix_path')
[5.687s] INFO:colcon.colcon_core.plugin_system:Skipping extension 'colcon_core.shell.bat': Not used on non-Windows systems
[5.688s] INFO:colcon.colcon_core.shell:Creating environment hook '/mnt/hgfs/win11/ros2_test/src/pkg03_example_server_py/install/pkg03_example_server_py/share/pkg03_example_server_py/hook/ament_prefix_path.ps1'
[5.742s] INFO:colcon.colcon_core.shell:Creating environment descriptor '/mnt/hgfs/win11/ros2_test/src/pkg03_example_server_py/install/pkg03_example_server_py/share/pkg03_example_server_py/hook/ament_prefix_path.dsv'
[5.748s] INFO:colcon.colcon_core.shell:Creating environment hook '/mnt/hgfs/win11/ros2_test/src/pkg03_example_server_py/install/pkg03_example_server_py/share/pkg03_example_server_py/hook/ament_prefix_path.sh'
[5.835s] INFO:colcon.colcon_core.shell:Skip shell extension 'powershell' for command environment: Not usable outside of PowerShell
[5.836s] DEBUG:colcon.colcon_core.shell:Skip shell extension 'dsv' for command environment
[6.922s] INFO:colcon.colcon_core.task.python.build:Building Python package in '/mnt/hgfs/win11/ros2_test/src/pkg03_example_server_py'
[6.999s] INFO:colcon.colcon_core.shell:Skip shell extension 'powershell' for command environment: Not usable outside of PowerShell
[7.000s] DEBUG:colcon.colcon_core.shell:Skip shell extension 'dsv' for command environment
[8.632s] DEBUG:colcon.colcon_core.event_handler.log_command:Invoking command in '/mnt/hgfs/win11/ros2_test/src/pkg03_example_server_py': PYTHONPATH=/mnt/hgfs/win11/ros2_test/src/pkg03_example_server_py/build/pkg03_example_server_py/prefix_override:/mnt/hgfs/win11/ros2_test/src/pkg03_example_server_py/install/pkg03_example_server_py/lib/python3.8/site-packages:${PYTHONPATH} /usr/bin/python3 setup.py egg_info --egg-base build/pkg03_example_server_py build --build-base /mnt/hgfs/win11/ros2_test/src/pkg03_example_server_py/build/pkg03_example_server_py/build install --record /mnt/hgfs/win11/ros2_test/src/pkg03_example_server_py/build/pkg03_example_server_py/install.log --install-scripts $base/lib/pkg03_example_server_py --single-version-externally-managed
[9.775s] DEBUG:colcon.colcon_core.event_handler.log_command:Invoked command in '/mnt/hgfs/win11/ros2_test/src/pkg03_example_server_py' returned '0': PYTHONPATH=/mnt/hgfs/win11/ros2_test/src/pkg03_example_server_py/build/pkg03_example_server_py/prefix_override:/mnt/hgfs/win11/ros2_test/src/pkg03_example_server_py/install/pkg03_example_server_py/lib/python3.8/site-packages:${PYTHONPATH} /usr/bin/python3 setup.py egg_info --egg-base build/pkg03_example_server_py build --build-base /mnt/hgfs/win11/ros2_test/src/pkg03_example_server_py/build/pkg03_example_server_py/build install --record /mnt/hgfs/win11/ros2_test/src/pkg03_example_server_py/build/pkg03_example_server_py/install.log --install-scripts $base/lib/pkg03_example_server_py --single-version-externally-managed
[9.955s] Level 1:colcon.colcon_core.environment:checking '/mnt/hgfs/win11/ros2_test/src/pkg03_example_server_py/install/pkg03_example_server_py' for CMake module files
[9.981s] Level 1:colcon.colcon_core.environment:checking '/mnt/hgfs/win11/ros2_test/src/pkg03_example_server_py/install/pkg03_example_server_py' for CMake config files
[10.076s] Level 1:colcon.colcon_core.environment:checking '/mnt/hgfs/win11/ros2_test/src/pkg03_example_server_py/install/pkg03_example_server_py/lib'
[10.081s] Level 1:colcon.colcon_core.environment:checking '/mnt/hgfs/win11/ros2_test/src/pkg03_example_server_py/install/pkg03_example_server_py/bin'
[10.082s] Level 1:colcon.colcon_core.environment:checking '/mnt/hgfs/win11/ros2_test/src/pkg03_example_server_py/install/pkg03_example_server_py/lib/pkgconfig/pkg03_example_server_py.pc'
[10.084s] Level 1:colcon.colcon_core.environment:checking '/mnt/hgfs/win11/ros2_test/src/pkg03_example_server_py/install/pkg03_example_server_py/lib/python3.8/site-packages'
[10.086s] Level 1:colcon.colcon_core.shell:create_environment_hook('pkg03_example_server_py', 'pythonpath')
[10.183s] INFO:colcon.colcon_core.shell:Creating environment hook '/mnt/hgfs/win11/ros2_test/src/pkg03_example_server_py/install/pkg03_example_server_py/share/pkg03_example_server_py/hook/pythonpath.ps1'
[10.221s] INFO:colcon.colcon_core.shell:Creating environment descriptor '/mnt/hgfs/win11/ros2_test/src/pkg03_example_server_py/install/pkg03_example_server_py/share/pkg03_example_server_py/hook/pythonpath.dsv'
[10.264s] INFO:colcon.colcon_core.shell:Creating environment hook '/mnt/hgfs/win11/ros2_test/src/pkg03_example_server_py/install/pkg03_example_server_py/share/pkg03_example_server_py/hook/pythonpath.sh'
[10.270s] Level 1:colcon.colcon_core.environment:checking '/mnt/hgfs/win11/ros2_test/src/pkg03_example_server_py/install/pkg03_example_server_py/bin'
[10.271s] Level 1:colcon.colcon_core.environment:create_environment_scripts_only(pkg03_example_server_py)
[10.376s] INFO:colcon.colcon_core.shell:Creating package script '/mnt/hgfs/win11/ros2_test/src/pkg03_example_server_py/install/pkg03_example_server_py/share/pkg03_example_server_py/package.ps1'
[10.381s] INFO:colcon.colcon_core.shell:Creating package descriptor '/mnt/hgfs/win11/ros2_test/src/pkg03_example_server_py/install/pkg03_example_server_py/share/pkg03_example_server_py/package.dsv'
[10.386s] INFO:colcon.colcon_core.shell:Creating package script '/mnt/hgfs/win11/ros2_test/src/pkg03_example_server_py/install/pkg03_example_server_py/share/pkg03_example_server_py/package.sh'
[10.392s] INFO:colcon.colcon_core.shell:Creating package script '/mnt/hgfs/win11/ros2_test/src/pkg03_example_server_py/install/pkg03_example_server_py/share/pkg03_example_server_py/package.bash'
[10.397s] INFO:colcon.colcon_core.shell:Creating package script '/mnt/hgfs/win11/ros2_test/src/pkg03_example_server_py/install/pkg03_example_server_py/share/pkg03_example_server_py/package.zsh'
[10.403s] Level 1:colcon.colcon_core.environment:create_file_with_runtime_dependencies(/mnt/hgfs/win11/ros2_test/src/pkg03_example_server_py/install/pkg03_example_server_py/share/colcon-core/packages/pkg03_example_server_py)
[10.407s] DEBUG:colcon.colcon_parallel_executor.executor.parallel:closing loop
[10.408s] DEBUG:colcon.colcon_parallel_executor.executor.parallel:loop closed
[10.408s] DEBUG:colcon.colcon_parallel_executor.executor.parallel:run_until_complete finished with '0'
[10.440s] DEBUG:colcon.colcon_core.event_reactor:joining thread
[10.584s] INFO:colcon.colcon_core.plugin_system:Skipping extension 'colcon_notification.desktop_notification.terminal_notifier': Not used on non-Darwin systems
[10.585s] INFO:colcon.colcon_core.plugin_system:Skipping extension 'colcon_notification.desktop_notification.win32': Not used on non-Windows systems
[10.586s] INFO:colcon.colcon_notification.desktop_notification:Sending desktop notification using 'notify2'
[10.602s] DEBUG:colcon.colcon_notification.desktop_notification.notify2:Failed to initialize notify2: org.freedesktop.DBus.Error.ServiceUnknown: The name org.freedesktop.Notifications was not provided by any .service files
[10.603s] DEBUG:colcon.colcon_core.event_reactor:joined thread
[10.683s] INFO:colcon.colcon_core.shell:Creating prefix script '/mnt/hgfs/win11/ros2_test/src/pkg03_example_server_py/install/local_setup.ps1'
[10.707s] INFO:colcon.colcon_core.shell:Creating prefix util module '/mnt/hgfs/win11/ros2_test/src/pkg03_example_server_py/install/_local_setup_util_ps1.py'
[10.713s] INFO:colcon.colcon_core.shell:Creating prefix chain script '/mnt/hgfs/win11/ros2_test/src/pkg03_example_server_py/install/setup.ps1'
[10.816s] INFO:colcon.colcon_core.shell:Creating prefix script '/mnt/hgfs/win11/ros2_test/src/pkg03_example_server_py/install/local_setup.sh'
[10.820s] INFO:colcon.colcon_core.shell:Creating prefix util module '/mnt/hgfs/win11/ros2_test/src/pkg03_example_server_py/install/_local_setup_util_sh.py'
[10.826s] INFO:colcon.colcon_core.shell:Creating prefix chain script '/mnt/hgfs/win11/ros2_test/src/pkg03_example_server_py/install/setup.sh'
[10.961s] INFO:colcon.colcon_core.shell:Creating prefix script '/mnt/hgfs/win11/ros2_test/src/pkg03_example_server_py/install/local_setup.bash'
[10.967s] INFO:colcon.colcon_core.shell:Creating prefix chain script '/mnt/hgfs/win11/ros2_test/src/pkg03_example_server_py/install/setup.bash'
[11.247s] INFO:colcon.colcon_core.shell:Creating prefix script '/mnt/hgfs/win11/ros2_test/src/pkg03_example_server_py/install/local_setup.zsh'
[11.252s] INFO:colcon.colcon_core.shell:Creating prefix chain script '/mnt/hgfs/win11/ros2_test/src/pkg03_example_server_py/install/setup.zsh'
